# JRE version: OpenJDK Runtime Environment GraalVM CE 22.3.0 (17.0.5+8) (build 17.0.5+8-jvmci-22.3-b08)
# Java VM: OpenJDK 64-Bit Server VM GraalVM CE 22.3.0 (17.0.5+8-jvmci-22.3-b08, mixed mode, sharing, tiered, jvmci, jvmci compiler, compressed oops, compressed class ptrs, parallel gc, linux-amd64)
GC Precious Log:
 CPUs: 8 total, 1 available
 Memory: 1024M
 Large Page Support: Disabled
 NUMA Support: Disabled
 Compressed Oops: Enabled (32-bit)
 Alignments: Space 512K, Generation 512K, Heap 2M
 Heap Min Capacity: 100M
 Heap Initial Capacity: 100M
 Heap Max Capacity: 512M
 Pre-touch: Disabled
 Parallel Workers: 1
Heap:
 PSYoungGen      total 14848K, used 9727K [0x00000000f5580000, 0x00000000f6a80000, 0x0000000100000000)
  eden space 9728K, 99% used [0x00000000f5580000,0x00000000f5effff0,0x00000000f5f00000)
  from space 5120K, 0% used [0x00000000f6580000,0x00000000f6580000,0x00000000f6a80000)
  to   space 5632K, 0% used [0x00000000f5f00000,0x00000000f5f00000,0x00000000f6480000)
 ParOldGen       total 349696K, used 349695K [0x00000000e0000000, 0x00000000f5580000, 0x00000000f5580000)
  object space 349696K, 99% used [0x00000000e0000000,0x00000000f557ff70,0x00000000f5580000)
 Metaspace       used 54980K, committed 55744K, reserved 1105920K
  class space    used 5524K, committed 5824K, reserved 1048576K
GC Heap History (20 events):
Event: 1295.962 GC heap before
{Heap before GC invocations=756 (full 636):
 PSYoungGen      total 14848K, used 9727K [0x00000000f5580000, 0x00000000f6a80000, 0x0000000100000000)
  eden space 9728K, 99% used [0x00000000f5580000,0x00000000f5effff8,0x00000000f5f00000)
  from space 5120K, 0% used [0x00000000f6580000,0x00000000f6580000,0x00000000f6a80000)
  to   space 5632K, 0% used [0x00000000f5f00000,0x00000000f5f00000,0x00000000f6480000)
 ParOldGen       total 349696K, used 349693K [0x00000000e0000000, 0x00000000f5580000, 0x00000000f5580000)
  object space 349696K, 99% used [0x00000000e0000000,0x00000000f557f7f0,0x00000000f5580000)
 Metaspace       used 54980K, committed 55744K, reserved 1105920K
  class space    used 5524K, committed 5824K, reserved 1048576K
}
Event: 1297.862 GC heap after
{Heap after GC invocations=756 (full 636):
 PSYoungGen      total 15360K, used 9727K [0x00000000f5580000, 0x00000000f6a80000, 0x0000000100000000)
  eden space 9728K, 99% used [0x00000000f5580000,0x00000000f5efffd8,0x00000000f5f00000)
  from space 5632K, 0% used [0x00000000f5f00000,0x00000000f5f00000,0x00000000f6480000)
  to   space 5120K, 0% used [0x00000000f6580000,0x00000000f6580000,0x00000000f6a80000)
 ParOldGen       total 349696K, used 349693K [0x00000000e0000000, 0x00000000f5580000, 0x00000000f5580000)
  object space 349696K, 99% used [0x00000000e0000000,0x00000000f557f7f0,0x00000000f5580000)
 Metaspace       used 54980K, committed 55744K, reserved 1105920K
  class space    used 5524K, committed 5824K, reserved 1048576K
}
Event: 1297.864 GC heap before
{Heap before GC invocations=757 (full 637):
 PSYoungGen      total 15360K, used 9727K [0x00000000f5580000, 0x00000000f6a80000, 0x0000000100000000)
  eden space 9728K, 99% used [0x00000000f5580000,0x00000000f5effff8,0x00000000f5f00000)
  from space 5632K, 0% used [0x00000000f5f00000,0x00000000f5f00000,0x00000000f6480000)
  to   space 5120K, 0% used [0x00000000f6580000,0x00000000f6580000,0x00000000f6a80000)
 ParOldGen       total 349696K, used 349693K [0x00000000e0000000, 0x00000000f5580000, 0x00000000f5580000)
  object space 349696K, 99% used [0x00000000e0000000,0x00000000f557f7f0,0x00000000f5580000)
 Metaspace       used 54980K, committed 55744K, reserved 1105920K
  class space    used 5524K, committed 5824K, reserved 1048576K
}
Event: 1299.851 GC heap after
{Heap after GC invocations=757 (full 637):
 PSYoungGen      total 14848K, used 9727K [0x00000000f5580000, 0x00000000f6a80000, 0x0000000100000000)
  eden space 9728K, 99% used [0x00000000f5580000,0x00000000f5efffd8,0x00000000f5f00000)
  from space 5120K, 0% used [0x00000000f6580000,0x00000000f6580000,0x00000000f6a80000)
  to   space 5632K, 0% used [0x00000000f5f00000,0x00000000f5f00000,0x00000000f6480000)
 ParOldGen       total 349696K, used 349693K [0x00000000e0000000, 0x00000000f5580000, 0x00000000f5580000)
  object space 349696K, 99% used [0x00000000e0000000,0x00000000f557f7f0,0x00000000f5580000)
 Metaspace       used 54980K, committed 55744K, reserved 1105920K
  class space    used 5524K, committed 5824K, reserved 1048576K
}
Event: 1299.853 GC heap before
{Heap before GC invocations=758 (full 638):
 PSYoungGen      total 14848K, used 9727K [0x00000000f5580000, 0x00000000f6a80000, 0x0000000100000000)
  eden space 9728K, 99% used [0x00000000f5580000,0x00000000f5effff8,0x00000000f5f00000)
  from space 5120K, 0% used [0x00000000f6580000,0x00000000f6580000,0x00000000f6a80000)
  to   space 5632K, 0% used [0x00000000f5f00000,0x00000000f5f00000,0x00000000f6480000)
 ParOldGen       total 349696K, used 349693K [0x00000000e0000000, 0x00000000f5580000, 0x00000000f5580000)
  object space 349696K, 99% used [0x00000000e0000000,0x00000000f557f7f0,0x00000000f5580000)
 Metaspace       used 54980K, committed 55744K, reserved 1105920K
  class space    used 5524K, committed 5824K, reserved 1048576K
}
Event: 1301.777 GC heap after
{Heap after GC invocations=758 (full 638):
 PSYoungGen      total 15360K, used 9727K [0x00000000f5580000, 0x00000000f6a80000, 0x0000000100000000)
  eden space 9728K, 99% used [0x00000000f5580000,0x00000000f5efffd8,0x00000000f5f00000)
  from space 5632K, 0% used [0x00000000f5f00000,0x00000000f5f00000,0x00000000f6480000)
  to   space 5120K, 0% used [0x00000000f6580000,0x00000000f6580000,0x00000000f6a80000)
 ParOldGen       total 349696K, used 349693K [0x00000000e0000000, 0x00000000f5580000, 0x00000000f5580000)
  object space 349696K, 99% used [0x00000000e0000000,0x00000000f557f7f0,0x00000000f5580000)
 Metaspace       used 54980K, committed 55744K, reserved 1105920K
  class space    used 5524K, committed 5824K, reserved 1048576K
}
Event: 1301.778 GC heap before
{Heap before GC invocations=759 (full 639):
 PSYoungGen      total 15360K, used 9728K [0x00000000f5580000, 0x00000000f6a80000, 0x0000000100000000)
  eden space 9728K, 100% used [0x00000000f5580000,0x00000000f5f00000,0x00000000f5f00000)
  from space 5632K, 0% used [0x00000000f5f00000,0x00000000f5f00000,0x00000000f6480000)
  to   space 5120K, 0% used [0x00000000f6580000,0x00000000f6580000,0x00000000f6a80000)
 ParOldGen       total 349696K, used 349693K [0x00000000e0000000, 0x00000000f5580000, 0x00000000f5580000)
  object space 349696K, 99% used [0x00000000e0000000,0x00000000f557f7f0,0x00000000f5580000)
 Metaspace       used 54980K, committed 55744K, reserved 1105920K
  class space    used 5524K, committed 5824K, reserved 1048576K
}
Event: 1303.728 GC heap after
{Heap after GC invocations=759 (full 639):
 PSYoungGen      total 14848K, used 9727K [0x00000000f5580000, 0x00000000f6a80000, 0x0000000100000000)
  eden space 9728K, 99% used [0x00000000f5580000,0x00000000f5effff0,0x00000000f5f00000)
  from space 5120K, 0% used [0x00000000f6580000,0x00000000f6580000,0x00000000f6a80000)
  to   space 5632K, 0% used [0x00000000f5f00000,0x00000000f5f00000,0x00000000f6480000)
 ParOldGen       total 349696K, used 349693K [0x00000000e0000000, 0x00000000f5580000, 0x00000000f5580000)
  object space 349696K, 99% used [0x00000000e0000000,0x00000000f557f7f0,0x00000000f5580000)
 Metaspace       used 54980K, committed 55744K, reserved 1105920K
  class space    used 5524K, committed 5824K, reserved 1048576K
}
Event: 1303.739 GC heap before
{Heap before GC invocations=760 (full 640):
 PSYoungGen      total 14848K, used 9728K [0x00000000f5580000, 0x00000000f6a80000, 0x0000000100000000)
  eden space 9728K, 100% used [0x00000000f5580000,0x00000000f5f00000,0x00000000f5f00000)
  from space 5120K, 0% used [0x00000000f6580000,0x00000000f6580000,0x00000000f6a80000)
  to   space 5632K, 0% used [0x00000000f5f00000,0x00000000f5f00000,0x00000000f6480000)
 ParOldGen       total 349696K, used 349693K [0x00000000e0000000, 0x00000000f5580000, 0x00000000f5580000)
  object space 349696K, 99% used [0x00000000e0000000,0x00000000f557f7f0,0x00000000f5580000)
 Metaspace       used 54980K, committed 55744K, reserved 1105920K
  class space    used 5524K, committed 5824K, reserved 1048576K
}
Event: 1305.627 GC heap after
{Heap after GC invocations=760 (full 640):
 PSYoungGen      total 15360K, used 9727K [0x00000000f5580000, 0x00000000f6a80000, 0x0000000100000000)
  eden space 9728K, 99% used [0x00000000f5580000,0x00000000f5effff0,0x00000000f5f00000)
  from space 5632K, 0% used [0x00000000f5f00000,0x00000000f5f00000,0x00000000f6480000)
  to   space 5120K, 0% used [0x00000000f6580000,0x00000000f6580000,0x00000000f6a80000)
 ParOldGen       total 349696K, used 349693K [0x00000000e0000000, 0x00000000f5580000, 0x00000000f5580000)
  object space 349696K, 99% used [0x00000000e0000000,0x00000000f557f7f0,0x00000000f5580000)
 Metaspace       used 54980K, committed 55744K, reserved 1105920K
  class space    used 5524K, committed 5824K, reserved 1048576K
}
Event: 1305.628 GC heap before
{Heap before GC invocations=761 (full 641):
 PSYoungGen      total 15360K, used 9728K [0x00000000f5580000, 0x00000000f6a80000, 0x0000000100000000)
  eden space 9728K, 100% used [0x00000000f5580000,0x00000000f5f00000,0x00000000f5f00000)
  from space 5632K, 0% used [0x00000000f5f00000,0x00000000f5f00000,0x00000000f6480000)
  to   space 5120K, 0% used [0x00000000f6580000,0x00000000f6580000,0x00000000f6a80000)
 ParOldGen       total 349696K, used 349693K [0x00000000e0000000, 0x00000000f5580000, 0x00000000f5580000)
  object space 349696K, 99% used [0x00000000e0000000,0x00000000f557f7f0,0x00000000f5580000)
 Metaspace       used 54980K, committed 55744K, reserved 1105920K
  class space    used 5524K, committed 5824K, reserved 1048576K
}
Event: 1307.357 GC heap after
{Heap after GC invocations=761 (full 641):
 PSYoungGen      total 14848K, used 9727K [0x00000000f5580000, 0x00000000f6a80000, 0x0000000100000000)
  eden space 9728K, 99% used [0x00000000f5580000,0x00000000f5effff0,0x00000000f5f00000)
  from space 5120K, 0% used [0x00000000f6580000,0x00000000f6580000,0x00000000f6a80000)
  to   space 5632K, 0% used [0x00000000f5f00000,0x00000000f5f00000,0x00000000f6480000)
 ParOldGen       total 349696K, used 349693K [0x00000000e0000000, 0x00000000f5580000, 0x00000000f5580000)
  object space 349696K, 99% used [0x00000000e0000000,0x00000000f557f7f0,0x00000000f5580000)
 Metaspace       used 54980K, committed 55744K, reserved 1105920K
  class space    used 5524K, committed 5824K, reserved 1048576K
}
Event: 1307.364 GC heap before
{Heap before GC invocations=762 (full 642):
 PSYoungGen      total 14848K, used 9728K [0x00000000f5580000, 0x00000000f6a80000, 0x0000000100000000)
  eden space 9728K, 100% used [0x00000000f5580000,0x00000000f5f00000,0x00000000f5f00000)
  from space 5120K, 0% used [0x00000000f6580000,0x00000000f6580000,0x00000000f6a80000)
  to   space 5632K, 0% used [0x00000000f5f00000,0x00000000f5f00000,0x00000000f6480000)
 ParOldGen       total 349696K, used 349693K [0x00000000e0000000, 0x00000000f5580000, 0x00000000f5580000)
  object space 349696K, 99% used [0x00000000e0000000,0x00000000f557f7f0,0x00000000f5580000)
 Metaspace       used 54980K, committed 55744K, reserved 1105920K
  class space    used 5524K, committed 5824K, reserved 1048576K
}
Event: 1309.155 GC heap after
{Heap after GC invocations=762 (full 642):
 PSYoungGen      total 15360K, used 9727K [0x00000000f5580000, 0x00000000f6a80000, 0x0000000100000000)
  eden space 9728K, 99% used [0x00000000f5580000,0x00000000f5effff0,0x00000000f5f00000)
  from space 5632K, 0% used [0x00000000f5f00000,0x00000000f5f00000,0x00000000f6480000)
  to   space 5120K, 0% used [0x00000000f6580000,0x00000000f6580000,0x00000000f6a80000)
 ParOldGen       total 349696K, used 349693K [0x00000000e0000000, 0x00000000f5580000, 0x00000000f5580000)
  object space 349696K, 99% used [0x00000000e0000000,0x00000000f557f7f0,0x00000000f5580000)
 Metaspace       used 54980K, committed 55744K, reserved 1105920K
  class space    used 5524K, committed 5824K, reserved 1048576K
}
Event: 1309.156 GC heap before
{Heap before GC invocations=763 (full 643):
 PSYoungGen      total 15360K, used 9728K [0x00000000f5580000, 0x00000000f6a80000, 0x0000000100000000)
  eden space 9728K, 100% used [0x00000000f5580000,0x00000000f5f00000,0x00000000f5f00000)
  from space 5632K, 0% used [0x00000000f5f00000,0x00000000f5f00000,0x00000000f6480000)
  to   space 5120K, 0% used [0x00000000f6580000,0x00000000f6580000,0x00000000f6a80000)
 ParOldGen       total 349696K, used 349693K [0x00000000e0000000, 0x00000000f5580000, 0x00000000f5580000)
  object space 349696K, 99% used [0x00000000e0000000,0x00000000f557f7f0,0x00000000f5580000)
 Metaspace       used 54980K, committed 55744K, reserved 1105920K
  class space    used 5524K, committed 5824K, reserved 1048576K
}
Event: 1310.955 GC heap after
{Heap after GC invocations=763 (full 643):
 PSYoungGen      total 14848K, used 9727K [0x00000000f5580000, 0x00000000f6a80000, 0x0000000100000000)
  eden space 9728K, 99% used [0x00000000f5580000,0x00000000f5effff0,0x00000000f5f00000)
  from space 5120K, 0% used [0x00000000f6580000,0x00000000f6580000,0x00000000f6a80000)
  to   space 5632K, 0% used [0x00000000f5f00000,0x00000000f5f00000,0x00000000f6480000)
 ParOldGen       total 349696K, used 349693K [0x00000000e0000000, 0x00000000f5580000, 0x00000000f5580000)
  object space 349696K, 99% used [0x00000000e0000000,0x00000000f557f7d0,0x00000000f5580000)
 Metaspace       used 54980K, committed 55744K, reserved 1105920K
  class space    used 5524K, committed 5824K, reserved 1048576K
}
Event: 1310.962 GC heap before
{Heap before GC invocations=764 (full 644):
 PSYoungGen      total 14848K, used 9728K [0x00000000f5580000, 0x00000000f6a80000, 0x0000000100000000)
  eden space 9728K, 100% used [0x00000000f5580000,0x00000000f5f00000,0x00000000f5f00000)
  from space 5120K, 0% used [0x00000000f6580000,0x00000000f6580000,0x00000000f6a80000)
  to   space 5632K, 0% used [0x00000000f5f00000,0x00000000f5f00000,0x00000000f6480000)
 ParOldGen       total 349696K, used 349693K [0x00000000e0000000, 0x00000000f5580000, 0x00000000f5580000)
  object space 349696K, 99% used [0x00000000e0000000,0x00000000f557f7d0,0x00000000f5580000)
 Metaspace       used 54980K, committed 55744K, reserved 1105920K
  class space    used 5524K, committed 5824K, reserved 1048576K
}
Event: 1312.853 GC heap after
{Heap after GC invocations=764 (full 644):
 PSYoungGen      total 15360K, used 9727K [0x00000000f5580000, 0x00000000f6a80000, 0x0000000100000000)
  eden space 9728K, 99% used [0x00000000f5580000,0x00000000f5effff0,0x00000000f5f00000)
  from space 5632K, 0% used [0x00000000f5f00000,0x00000000f5f00000,0x00000000f6480000)
  to   space 5120K, 0% used [0x00000000f6580000,0x00000000f6580000,0x00000000f6a80000)
 ParOldGen       total 349696K, used 349693K [0x00000000e0000000, 0x00000000f5580000, 0x00000000f5580000)
  object space 349696K, 99% used [0x00000000e0000000,0x00000000f557f7d0,0x00000000f5580000)
 Metaspace       used 54980K, committed 55744K, reserved 1105920K
  class space    used 5524K, committed 5824K, reserved 1048576K
}
Event: 1312.854 GC heap before
{Heap before GC invocations=765 (full 645):
 PSYoungGen      total 15360K, used 9727K [0x00000000f5580000, 0x00000000f6a80000, 0x0000000100000000)
  eden space 9728K, 99% used [0x00000000f5580000,0x00000000f5effff0,0x00000000f5f00000)
  from space 5632K, 0% used [0x00000000f5f00000,0x00000000f5f00000,0x00000000f6480000)
  to   space 5120K, 0% used [0x00000000f6580000,0x00000000f6580000,0x00000000f6a80000)
 ParOldGen       total 349696K, used 349693K [0x00000000e0000000, 0x00000000f5580000, 0x00000000f5580000)
  object space 349696K, 99% used [0x00000000e0000000,0x00000000f557f7d0,0x00000000f5580000)
 Metaspace       used 54980K, committed 55744K, reserved 1105920K
  class space    used 5524K, committed 5824K, reserved 1048576K
}
Event: 1314.667 GC heap after
{Heap after GC invocations=765 (full 645):
 PSYoungGen      total 14848K, used 9727K [0x00000000f5580000, 0x00000000f6a80000, 0x0000000100000000)
  eden space 9728K, 99% used [0x00000000f5580000,0x00000000f5effff0,0x00000000f5f00000)
  from space 5120K, 0% used [0x00000000f6580000,0x00000000f6580000,0x00000000f6a80000)
  to   space 5632K, 0% used [0x00000000f5f00000,0x00000000f5f00000,0x00000000f6480000)
 ParOldGen       total 349696K, used 349693K [0x00000000e0000000, 0x00000000f5580000, 0x00000000f5580000)
  object space 349696K, 99% used [0x00000000e0000000,0x00000000f557f7d0,0x00000000f5580000)
 Metaspace       used 54980K, committed 55744K, reserved 1105920K
  class space    used 5524K, committed 5824K, reserved 1048576K
}

